<?xml version="1.0" encoding="UTF-8"?>
<testng-results ignored="0" total="2" passed="2" failed="0" skipped="0">
  <reporter-output>
  </reporter-output>
  <suite started-at="2021-07-09T11:56:49Z" name="GitHub" finished-at="2021-07-09T11:57:10Z" duration-ms="21223">
    <groups>
    </groups>
    <test started-at="2021-07-09T11:56:49Z" name="ChromeTest" finished-at="2021-07-09T11:57:10Z" duration-ms="21223">
      <class name="com.cg.project.test.LoginTest">
        <test-method is-config="true" signature="setUpTestEnv(java.lang.String)[pri:0, instance:com.cg.project.test.LoginTest@548e6d58]" started-at="2021-07-09T11:56:51Z" name="setUpTestEnv" finished-at="2021-07-09T11:56:58Z" duration-ms="6857" status="PASS">
          <params>
            <param index="0">
              <value>
                <![CDATA[chrome]]>
              </value>
            </param>
          </params>
          <reporter-output>
          </reporter-output>
        </test-method> <!-- setUpTestEnv -->
        <test-method signature="testLoginFeatureForInvalidcredential(java.lang.String, java.lang.String)[pri:0, instance:com.cg.project.test.LoginTest@548e6d58]" started-at="2021-07-09T11:56:58Z" name="testLoginFeatureForInvalidcredential" data-provider="loginMockDataProvider" finished-at="2021-07-09T11:57:00Z" duration-ms="1546" status="PASS">
          <params>
            <param index="0">
              <value>
                <![CDATA[satishmahaj11]]>
              </value>
            </param>
            <param index="1">
              <value>
                <![CDATA[jsdksdksd]]>
              </value>
            </param>
          </params>
          <reporter-output>
          </reporter-output>
        </test-method> <!-- testLoginFeatureForInvalidcredential -->
        <test-method is-config="true" signature="tearDownTestEnv()[pri:0, instance:com.cg.project.test.LoginTest@548e6d58]" started-at="2021-07-09T11:57:00Z" name="tearDownTestEnv" finished-at="2021-07-09T11:57:01Z" duration-ms="1581" status="PASS">
          <reporter-output>
          </reporter-output>
        </test-method> <!-- tearDownTestEnv -->
        <test-method is-config="true" signature="setUpTestEnv(java.lang.String)[pri:0, instance:com.cg.project.test.LoginTest@548e6d58]" started-at="2021-07-09T11:57:01Z" name="setUpTestEnv" finished-at="2021-07-09T11:57:07Z" duration-ms="5902" status="PASS">
          <params>
            <param index="0">
              <value>
                <![CDATA[chrome]]>
              </value>
            </param>
          </params>
          <reporter-output>
          </reporter-output>
        </test-method> <!-- setUpTestEnv -->
        <test-method signature="testLoginFeatureForInvalidcredential(java.lang.String, java.lang.String)[pri:0, instance:com.cg.project.test.LoginTest@548e6d58]" started-at="2021-07-09T11:57:07Z" name="testLoginFeatureForInvalidcredential" data-provider="loginMockDataProvider" finished-at="2021-07-09T11:57:09Z" duration-ms="1633" status="PASS">
          <params>
            <param index="0">
              <value>
                <![CDATA[satishmahaj11]]>
              </value>
            </param>
            <param index="1">
              <value>
                <![CDATA[kdkdd]]>
              </value>
            </param>
          </params>
          <reporter-output>
          </reporter-output>
        </test-method> <!-- testLoginFeatureForInvalidcredential -->
        <test-method is-config="true" signature="tearDownTestEnv()[pri:0, instance:com.cg.project.test.LoginTest@548e6d58]" started-at="2021-07-09T11:57:09Z" name="tearDownTestEnv" finished-at="2021-07-09T11:57:10Z" duration-ms="1569" status="PASS">
          <reporter-output>
          </reporter-output>
        </test-method> <!-- tearDownTestEnv -->
      </class> <!-- com.cg.project.test.LoginTest -->
    </test> <!-- ChromeTest -->
  </suite> <!-- GitHub -->
</testng-results>
