<?xml version="1.0" encoding="UTF-8"?>
<!-- Generated by org.testng.reporters.JUnitXMLReporter -->
<testsuite ignored="0" hostname="LIN51005209" failures="0" tests="2" name="ChromeTest" time="21.223" errors="0" timestamp="09 Jul 2021 11:57:10 GMT">
  <testcase classname="com.cg.project.test.LoginTest" name="testLoginFeatureForInvalidcredential" time="1.546"/>
  <testcase classname="com.cg.project.test.LoginTest" name="testLoginFeatureForInvalidcredential" time="1.633"/>
</testsuite> <!-- ChromeTest -->
